<?xml version="1.0" encoding="UTF-8"?>
<testng-results skipped="0" failed="0" ignored="0" total="1" passed="1">
  <reporter-output>
  </reporter-output>
  <suite name="Default suite" duration-ms="38943" started-at="2021-02-16T12:23:00Z" finished-at="2021-02-16T12:23:39Z">
    <groups>
    </groups>
    <test name="Default test" duration-ms="38943" started-at="2021-02-16T12:23:00Z" finished-at="2021-02-16T12:23:39Z">
      <class name="runner.Browser_Login">
        <test-method status="PASS" signature="runTest()[pri:0, instance:runner.Browser_Login@77167fb7]" name="runTest" duration-ms="38859" started-at="2021-02-16T12:23:00Z" finished-at="2021-02-16T12:23:39Z">
          <reporter-output>
          </reporter-output>
        </test-method> <!-- runTest -->
      </class> <!-- runner.Browser_Login -->
    </test> <!-- Default test -->
  </suite> <!-- Default suite -->
</testng-results>
